<?xml version="1.0" encoding="UTF-8"?>
<testng-results ignored="0" total="2" passed="2" failed="0" skipped="0">
  <reporter-output>
  </reporter-output>
  <suite started-at="2023-01-08T17:42:09 IST" name="SmokeSuite" finished-at="2023-01-08T17:42:30 IST" duration-ms="20106">
    <groups>
    </groups>
    <test started-at="2023-01-08T17:42:09 IST" name="Test" finished-at="2023-01-08T17:42:30 IST" duration-ms="20106">
      <class name="com.azure.Tests.HomePageTest">
        <test-method is-config="true" signature="preconfig()[pri:0, instance:com.azure.Tests.HomePageTest@25ddbbbb]" started-at="2023-01-08T17:42:20 IST" name="preconfig" finished-at="2023-01-08T17:42:24 IST" duration-ms="3810" status="PASS">
          <reporter-output>
          </reporter-output>
        </test-method> <!-- preconfig -->
        <test-method signature="CheckProductaddedToCard()[pri:0, instance:com.azure.Tests.HomePageTest@25ddbbbb]" started-at="2023-01-08T17:42:24 IST" name="CheckProductaddedToCard" finished-at="2023-01-08T17:42:29 IST" duration-ms="4830" status="PASS">
          <reporter-output>
          </reporter-output>
        </test-method> <!-- CheckProductaddedToCard -->
        <test-method is-config="true" signature="tearDown()[pri:0, instance:com.azure.Tests.HomePageTest@25ddbbbb]" started-at="2023-01-08T17:42:29 IST" name="tearDown" finished-at="2023-01-08T17:42:30 IST" duration-ms="365" status="PASS">
          <reporter-output>
          </reporter-output>
        </test-method> <!-- tearDown -->
      </class> <!-- com.azure.Tests.HomePageTest -->
      <class name="com.azure.Tests.LoginPageTest">
        <test-method is-config="true" signature="preconfig()[pri:0, instance:com.azure.Tests.LoginPageTest@28276e50]" started-at="2023-01-08T17:42:09 IST" name="preconfig" finished-at="2023-01-08T17:42:15 IST" duration-ms="5160" status="PASS">
          <reporter-output>
          </reporter-output>
        </test-method> <!-- preconfig -->
        <test-method signature="LoginTest()[pri:0, instance:com.azure.Tests.LoginPageTest@28276e50]" started-at="2023-01-08T17:42:15 IST" name="LoginTest" finished-at="2023-01-08T17:42:15 IST" duration-ms="631" status="PASS">
          <reporter-output>
          </reporter-output>
        </test-method> <!-- LoginTest -->
        <test-method is-config="true" signature="teardown()[pri:0, instance:com.azure.Tests.LoginPageTest@28276e50]" started-at="2023-01-08T17:42:15 IST" name="teardown" finished-at="2023-01-08T17:42:20 IST" duration-ms="5268" status="PASS">
          <reporter-output>
          </reporter-output>
        </test-method> <!-- teardown -->
      </class> <!-- com.azure.Tests.LoginPageTest -->
    </test> <!-- Test -->
  </suite> <!-- SmokeSuite -->
</testng-results>
