<?xml version="1.0" encoding="UTF-8"?>
<testng-results ignored="0" total="2" passed="2" failed="0" skipped="0">
  <reporter-output>
  </reporter-output>
  <suite started-at="2022-12-31T18:19:17 IST" name="SmokeSuite" finished-at="2022-12-31T18:19:40 IST" duration-ms="23963">
    <groups>
    </groups>
    <test started-at="2022-12-31T18:19:17 IST" name="Test" finished-at="2022-12-31T18:19:40 IST" duration-ms="23963">
      <class name="com.azure.Tests.HomePageTest">
        <test-method is-config="true" signature="preconfig()[pri:0, instance:com.azure.Tests.HomePageTest@439a8f59]" started-at="2022-12-31T18:19:32 IST" name="preconfig" finished-at="2022-12-31T18:19:35 IST" duration-ms="3761" status="PASS">
          <reporter-output>
          </reporter-output>
        </test-method> <!-- preconfig -->
        <test-method signature="CheckProductaddedToCard()[pri:0, instance:com.azure.Tests.HomePageTest@439a8f59]" started-at="2022-12-31T18:19:35 IST" name="CheckProductaddedToCard" finished-at="2022-12-31T18:19:40 IST" duration-ms="4808" status="PASS">
          <reporter-output>
          </reporter-output>
        </test-method> <!-- CheckProductaddedToCard -->
        <test-method is-config="true" signature="tearDown()[pri:0, instance:com.azure.Tests.HomePageTest@439a8f59]" started-at="2022-12-31T18:19:40 IST" name="tearDown" finished-at="2022-12-31T18:19:40 IST" duration-ms="320" status="PASS">
          <reporter-output>
          </reporter-output>
        </test-method> <!-- tearDown -->
      </class> <!-- com.azure.Tests.HomePageTest -->
      <class name="com.azure.Tests.LoginPageTest">
        <test-method is-config="true" signature="preconfig()[pri:0, instance:com.azure.Tests.LoginPageTest@3624da92]" started-at="2022-12-31T18:19:17 IST" name="preconfig" finished-at="2022-12-31T18:19:25 IST" duration-ms="8586" status="PASS">
          <reporter-output>
          </reporter-output>
        </test-method> <!-- preconfig -->
        <test-method signature="LoginTest()[pri:0, instance:com.azure.Tests.LoginPageTest@3624da92]" started-at="2022-12-31T18:19:25 IST" name="LoginTest" finished-at="2022-12-31T18:19:26 IST" duration-ms="862" status="PASS">
          <reporter-output>
          </reporter-output>
        </test-method> <!-- LoginTest -->
        <test-method is-config="true" signature="teardown()[pri:0, instance:com.azure.Tests.LoginPageTest@3624da92]" started-at="2022-12-31T18:19:26 IST" name="teardown" finished-at="2022-12-31T18:19:32 IST" duration-ms="5547" status="PASS">
          <reporter-output>
          </reporter-output>
        </test-method> <!-- teardown -->
      </class> <!-- com.azure.Tests.LoginPageTest -->
    </test> <!-- Test -->
  </suite> <!-- SmokeSuite -->
</testng-results>
